2019-09-21 00:53:56,894 [main] DEBUG: edu.cmu.ri.createlab.terk.application.TerkApplication: TerkApplication.TerkApplication()
2019-09-21 00:53:56,895 [main] INFO : edu.cmu.ri.createlab.terk.application.TerkApplication: TerkApplication.TerkApplication(): System property [terk-application.connection-strategy.class.name] is not defined.  Attempting to use default [edu.cmu.ri.createlab.terk.robot.finch.LocalFinchConnectionStrategy] implementation class instead.
2019-09-21 00:53:56,912 [main] DEBUG: edu.cmu.ri.createlab.terk.application.TerkApplication: TerkApplication.TerkApplication(): successfully instantiated ConnectionStrategy implementation class [edu.cmu.ri.createlab.terk.robot.finch.LocalFinchConnectionStrategy]
2019-09-21 00:53:57,368 [main] DEBUG: edu.cmu.ri.createlab.device.connectivity.BaseCreateLabDeviceConnectivityManager: BaseCreateLabDeviceConnectivityManager: scanAndConnectWorkhorseRunnable.run()
2019-09-21 00:53:57,369 [main] DEBUG: edu.cmu.ri.createlab.device.connectivity.BaseCreateLabDeviceConnectivityManager: BaseCreateLabDeviceConnectivityManager.disconnect()
2019-09-21 00:53:57,369 [main] DEBUG: edu.cmu.ri.createlab.terk.robot.finch.LocalFinchConnectionStrategy: LocalFinchConnectionStrategy.handleConnectionStateChange(): OLD [Disconnected]  NEW [Disconnected]  port []
2019-09-21 00:53:57,370 [BaseCreateLabDeviceConnectivityManager.executorService pool-1-thread-1] DEBUG: edu.cmu.ri.createlab.device.connectivity.BaseCreateLabDeviceConnectivityManager: CreateLabDeviceConnectivityManagerImpl$DeviceScanner.run()
2019-09-21 00:53:57,370 [BaseCreateLabDeviceConnectivityManager.executorService pool-1-thread-1] DEBUG: edu.cmu.ri.createlab.terk.robot.finch.LocalFinchConnectionStrategy: LocalFinchConnectionStrategy.handleConnectionStateChange(): OLD [Disconnected]  NEW [Scanning]  port []
2019-09-21 00:53:57,377 [BaseCreateLabDeviceConnectivityManager.executorService pool-1-thread-1] DEBUG: edu.cmu.ri.createlab.terk.robot.finch.DefaultFinchController: DefaultFinchController.create(): creating HID device for vendor ID [2354] and product ID [1111]
2019-09-21 00:53:57,569 [BaseCreateLabDeviceConnectivityManager.executorService pool-1-thread-1] DEBUG: edu.cmu.ri.createlab.terk.robot.finch.DefaultFinchController: DefaultFinchController.create(): attempting connection...
2019-09-21 00:53:57,570 [BaseCreateLabDeviceConnectivityManager.executorService pool-1-thread-1] DEBUG: edu.cmu.ri.createlab.usb.hid.hidapi.BaseHIDAPIDevice: BaseHIDAPIDevice.readDeviceInfo(): looking for device with vendor id [2354] and product id [1111]
2019-09-21 00:53:57,571 [BaseCreateLabDeviceConnectivityManager.executorService pool-1-thread-1] DEBUG: edu.cmu.ri.createlab.util.NativeLibraryVersionChooser: NativeLibraryVersionChooser.getLibraryName(): sun.arch.data.model system property = [64]
2019-09-21 00:53:57,571 [BaseCreateLabDeviceConnectivityManager.executorService pool-1-thread-1] DEBUG: edu.cmu.ri.createlab.util.NativeLibraryVersionChooser: NativeLibraryVersionChooser.getLibraryName(): trying to load library [hidapi64]...
2019-09-21 00:53:57,573 [BaseCreateLabDeviceConnectivityManager.executorService pool-1-thread-1] DEBUG: edu.cmu.ri.createlab.util.NativeLibraryVersionChooser: NativeLibraryVersionChooser.getLibraryName(): successfully loaded library [hidapi64]
2019-09-21 00:53:57,573 [BaseCreateLabDeviceConnectivityManager.executorService pool-1-thread-1] DEBUG: edu.cmu.ri.createlab.util.NativeLibraryVersionChooser: NativeLibraryVersionChooser.getLibraryName(): returning [hidapi64]
2019-09-21 00:53:58,144 [BaseCreateLabDeviceConnectivityManager.executorService pool-1-thread-1] DEBUG: edu.cmu.ri.createlab.usb.hid.hidapi.BaseHIDAPIDevice: BaseHIDAPIDevice.readDeviceInfo(): found matching device:
2019-09-21 00:53:58,144 [BaseCreateLabDeviceConnectivityManager.executorService pool-1-thread-1] DEBUG: edu.cmu.ri.createlab.usb.hid.hidapi.BaseHIDAPIDevice:    manufacturer   = [BirdBrain Tools]
2019-09-21 00:53:58,144 [BaseCreateLabDeviceConnectivityManager.executorService pool-1-thread-1] DEBUG: edu.cmu.ri.createlab.usb.hid.hidapi.BaseHIDAPIDevice:    product        = [Finch]
2019-09-21 00:53:58,144 [BaseCreateLabDeviceConnectivityManager.executorService pool-1-thread-1] DEBUG: edu.cmu.ri.createlab.usb.hid.hidapi.BaseHIDAPIDevice:    serial number  = []
2019-09-21 00:53:58,144 [BaseCreateLabDeviceConnectivityManager.executorService pool-1-thread-1] DEBUG: edu.cmu.ri.createlab.usb.hid.hidapi.BaseHIDAPIDevice:    path           = [USB_2354_1111_0x7f9039f4ae20]
2019-09-21 00:53:58,144 [BaseCreateLabDeviceConnectivityManager.executorService pool-1-thread-1] DEBUG: edu.cmu.ri.createlab.usb.hid.hidapi.BaseHIDAPIDevice:    Vendor/Product = [2354|1111]
2019-09-21 00:53:58,144 [BaseCreateLabDeviceConnectivityManager.executorService pool-1-thread-1] DEBUG: edu.cmu.ri.createlab.usb.hid.hidapi.BaseHIDAPIDevice: BaseHIDAPIDevice.claimAvailableDevice(): Device with path [USB_2354_1111_0x7f9039f4ae20] NOT in use, so we'll use it
2019-09-21 00:53:58,145 [BaseCreateLabDeviceConnectivityManager.executorService pool-1-thread-1] DEBUG: edu.cmu.ri.createlab.usb.hid.hidapi.BaseHIDAPIDevice: BaseHIDAPIDevice.claimAvailableDevice(): returing deviceInfo! [edu.cmu.ri.createlab.usb.hid.DeviceInfoImpl@64c3748b]
2019-09-21 00:53:58,145 [BaseCreateLabDeviceConnectivityManager.executorService pool-1-thread-1] DEBUG: edu.cmu.ri.createlab.usb.hid.hidapi.BaseHIDAPIDevice: BaseHIDAPIDevice.claimAvailableDevice(): returning the deviceInfo [edu.cmu.ri.createlab.usb.hid.DeviceInfoImpl@64c3748b]
2019-09-21 00:53:58,164 [BaseCreateLabDeviceConnectivityManager.executorService pool-1-thread-1] DEBUG: edu.cmu.ri.createlab.device.connectivity.BaseCreateLabDeviceConnectivityManager: CreateLabDeviceConnectivityManagerImpl$DeviceScanner.run(): connection established!
2019-09-21 00:53:58,166 [BaseCreateLabDeviceConnectivityManager.executorService pool-1-thread-1] DEBUG: edu.cmu.ri.createlab.terk.robot.finch.LocalFinchConnectionStrategy: LocalFinchConnectionStrategy.handleConnectionStateChange(): OLD [Scanning]  NEW [Connected]  port [USB_2354_1111_0x7f9039f4ae20]
2019-09-21 00:53:58,174 [main] INFO : edu.cmu.ri.createlab.speech.AbstractMouth: All available voices
2019-09-21 00:53:58,192 [main] INFO : edu.cmu.ri.createlab.speech.AbstractMouth:     kevin (general domain)
2019-09-21 00:53:58,192 [main] INFO : edu.cmu.ri.createlab.speech.AbstractMouth:     kevin16 (general domain)
2019-09-21 00:53:58,192 [main] INFO : edu.cmu.ri.createlab.speech.AbstractMouth: Using voice: kevin
2019-09-21 00:53:58,571 [main] DEBUG: edu.cmu.ri.createlab.audio.AudioHelper: AudioHelper.playClip(num bytes=32728)
2019-09-21 00:54:01,648 [main] DEBUG: edu.cmu.ri.createlab.terk.robot.finch.services.FinchServiceManager: FinchServiceManager.loadService() needs to load the [::TeRK::buzzer::BuzzerService] service
2019-09-21 00:54:01,648 [main] DEBUG: edu.cmu.ri.createlab.terk.robot.finch.services.FinchServiceFactory: FinchServiceFactory.createService(::TeRK::buzzer::BuzzerService)
2019-09-21 00:54:01,651 [main] DEBUG: edu.cmu.ri.createlab.terk.properties.BasicPropertyManager: ServantPropertyManager.setReadOnlyProperty(device.count,1)
2019-09-21 00:54:01,651 [main] DEBUG: edu.cmu.ri.createlab.terk.properties.BasicPropertyManager: ServantPropertyManager.setReadOnlyProperty(::TeRK::buzzer::BuzzerService::min-duration,0)
2019-09-21 00:54:01,651 [main] DEBUG: edu.cmu.ri.createlab.terk.properties.BasicPropertyManager: ServantPropertyManager.setReadOnlyProperty(::TeRK::buzzer::BuzzerService::max-duration,65535)
2019-09-21 00:54:01,651 [main] DEBUG: edu.cmu.ri.createlab.terk.properties.BasicPropertyManager: ServantPropertyManager.setReadOnlyProperty(::TeRK::buzzer::BuzzerService::min-frequency,0)
2019-09-21 00:54:01,651 [main] DEBUG: edu.cmu.ri.createlab.terk.properties.BasicPropertyManager: ServantPropertyManager.setReadOnlyProperty(::TeRK::buzzer::BuzzerService::max-frequency,65535)
2019-09-21 00:54:04,665 [main] DEBUG: edu.cmu.ri.createlab.terk.robot.finch.services.FinchServiceManager: FinchServiceManager.loadService() needs to load the [::TeRK::motor::OpenLoopVelocityControllableMotorService] service
2019-09-21 00:54:04,665 [main] DEBUG: edu.cmu.ri.createlab.terk.robot.finch.services.FinchServiceFactory: FinchServiceFactory.createService(::TeRK::motor::OpenLoopVelocityControllableMotorService)
2019-09-21 00:54:04,666 [main] DEBUG: edu.cmu.ri.createlab.terk.properties.BasicPropertyManager: ServantPropertyManager.setReadOnlyProperty(device.count,2)
2019-09-21 00:54:04,667 [main] DEBUG: edu.cmu.ri.createlab.terk.properties.BasicPropertyManager: ServantPropertyManager.setReadOnlyProperty(::TeRK::motor::OpenLoopVelocityControllableMotorService::min-velocity,-255)
2019-09-21 00:54:04,667 [main] DEBUG: edu.cmu.ri.createlab.terk.properties.BasicPropertyManager: ServantPropertyManager.setReadOnlyProperty(::TeRK::motor::OpenLoopVelocityControllableMotorService::max-velocity,255)
2019-09-21 00:54:24,718 [main] DEBUG: edu.cmu.ri.createlab.terk.application.TerkApplication: TerkApplication.shutdown()
2019-09-21 00:54:24,718 [main] DEBUG: edu.cmu.ri.createlab.terk.application.TerkApplication: TerkApplication$shutdownRunnable.run()
2019-09-21 00:54:24,718 [main] DEBUG: edu.cmu.ri.createlab.terk.robot.finch.LocalFinchConnectionStrategy: LocalFinchConnectionStrategy.prepareForShutdown()
2019-09-21 00:54:24,719 [main] DEBUG: edu.cmu.ri.createlab.terk.robot.finch.LocalFinchConnectionStrategy: LocalFinchConnectionStrategy.disconnect()
2019-09-21 00:54:24,719 [main] DEBUG: edu.cmu.ri.createlab.device.connectivity.BaseCreateLabDeviceConnectivityManager: BaseCreateLabDeviceConnectivityManager.disconnect()
2019-09-21 00:54:24,719 [main] DEBUG: edu.cmu.ri.createlab.terk.robot.finch.DefaultFinchController: DefaultFinchController.disconnect(): Shutting down finch pinger...
2019-09-21 00:54:24,719 [main] DEBUG: edu.cmu.ri.createlab.terk.robot.finch.DefaultFinchController: DefaultFinchController.disconnect(): Successfully shut down finch pinger.
2019-09-21 00:54:24,719 [main] DEBUG: edu.cmu.ri.createlab.terk.robot.finch.DefaultFinchController: DefaultFinchController.disconnect(): Now attempting to send the disconnect command to the finch
2019-09-21 00:54:24,724 [main] DEBUG: edu.cmu.ri.createlab.terk.robot.finch.DefaultFinchController: DefaultFinchController.disconnect(): Successfully disconnected from the finch.
2019-09-21 00:54:24,724 [main] DEBUG: edu.cmu.ri.createlab.terk.robot.finch.DefaultFinchController: DefaultFinchController.disconnect(): Now shutting down the HIDCommandExecutionQueue...
2019-09-21 00:54:24,724 [main] DEBUG: edu.cmu.ri.createlab.usb.hid.HIDCommandExecutionQueue: HIDCommandExecutionQueue.shutdown(): Shutting down the HID device command execution queue
2019-09-21 00:54:24,725 [main] DEBUG: edu.cmu.ri.createlab.usb.hid.HIDCommandExecutionQueue: HIDCommandExecutionQueue.shutdown(): Unexecuted tasks: 0
2019-09-21 00:54:24,725 [main] DEBUG: edu.cmu.ri.createlab.usb.hid.HIDCommandExecutionQueue: HIDCommandExecutionQueue.shutdown(): Waiting for the HID device command execution queue to shutdown.
2019-09-21 00:54:24,725 [main] DEBUG: edu.cmu.ri.createlab.usb.hid.HIDCommandExecutionQueue: HIDCommandExecutionQueue.shutdown(): HID device command execution queue successfully shutdown
2019-09-21 00:54:24,725 [main] DEBUG: edu.cmu.ri.createlab.usb.hid.HIDCommandExecutionQueue: HIDCommandExecutionQueue.shutdown(): Now attempting to disconnect from the HID device...
2019-09-21 00:54:24,725 [main] DEBUG: edu.cmu.ri.createlab.usb.hid.hidapi.BaseHIDAPIDevice: BaseHIDAPIDevice.releaseDevice(): about to release device [USB_2354_1111_0x7f9039f4ae20]
2019-09-21 00:54:24,725 [main] DEBUG: edu.cmu.ri.createlab.usb.hid.hidapi.BaseHIDAPIDevice: BaseHIDAPIDevice.releaseDevice(): done releasing [USB_2354_1111_0x7f9039f4ae20]
2019-09-21 00:54:24,726 [main] DEBUG: edu.cmu.ri.createlab.usb.hid.hidapi.BaseHIDAPIDevice: BaseHIDAPIDevice.disconnect(): disconnected successfully
2019-09-21 00:54:24,726 [main] DEBUG: edu.cmu.ri.createlab.usb.hid.HIDCommandExecutionQueue: HIDCommandExecutionQueue.shutdown(): HID device disconnected successfully.
2019-09-21 00:54:24,726 [main] DEBUG: edu.cmu.ri.createlab.terk.robot.finch.LocalFinchConnectionStrategy: LocalFinchConnectionStrategy.handleConnectionStateChange(): OLD [Connected]  NEW [Disconnected]  port []
2019-09-21 00:54:24,727 [Thread-0] INFO : edu.cmu.ri.createlab.speech.AbstractMouth: Shutting down the mouth.
